<?xml version="1.0" encoding="UTF-8"?>
<testng-results ignored="0" total="1" passed="1" failed="0" skipped="0">
  <reporter-output>
  </reporter-output>
  <suite started-at="2022-08-24T20:01:34 EDT" name="Default suite" finished-at="2022-08-24T20:02:03 EDT" duration-ms="29286">
    <groups>
    </groups>
    <test started-at="2022-08-24T20:01:34 EDT" name="Default test" finished-at="2022-08-24T20:02:03 EDT" duration-ms="29286">
      <class name="TestCases.TestSignInPage">
        <test-method signature="testSignInRetool()[pri:0, instance:TestCases.TestSignInPage@5e600dd5]" started-at="2022-08-24T20:01:34 EDT" name="testSignInRetool" finished-at="2022-08-24T20:02:03 EDT" duration-ms="29082" status="PASS">
          <reporter-output>
          </reporter-output>
        </test-method> <!-- testSignInRetool -->
        <test-method is-config="true" signature="tearDown()[pri:0, instance:TestCases.TestSignInPage@5e600dd5]" started-at="2022-08-24T20:02:03 EDT" name="tearDown" finished-at="2022-08-24T20:02:03 EDT" duration-ms="117" status="PASS">
          <reporter-output>
          </reporter-output>
        </test-method> <!-- tearDown -->
      </class> <!-- TestCases.TestSignInPage -->
    </test> <!-- Default test -->
  </suite> <!-- Default suite -->
</testng-results>
